2025-02-26 00:24:55,516 - opencv_filters - INFO - Тёмная тема применена
2025-02-26 00:24:55,518 - opencv_filters - INFO - Приложение запущено
2025-02-26 00:29:38,487 - opencv_filters - INFO - Загрузка изображения: C:/Users/User/Desktop/OPENCV/mtmLYrHB3t4.jpg
2025-02-26 00:29:38,496 - opencv_filters - DEBUG - Превью обновлено успешно
2025-02-26 00:29:38,496 - opencv_filters - INFO - Изображение успешно загружено: 1019x842, 3 каналов
2025-02-26 00:29:44,922 - opencv_filters - INFO - Загрузка изображения: C:/Users/User/Desktop/OPENCV/mtmLYrHB3t4.jpg
2025-02-26 00:29:44,928 - opencv_filters - DEBUG - Превью обновлено успешно
2025-02-26 00:29:44,929 - opencv_filters - INFO - Изображение успешно загружено: 1019x842, 3 каналов
2025-02-26 00:29:49,563 - opencv_filters - INFO - Загрузка изображения: C:/Users/User/Desktop/OPENCV/pixel.png
2025-02-26 00:29:49,690 - opencv_filters - DEBUG - Превью обновлено успешно
2025-02-26 00:29:49,690 - opencv_filters - INFO - Изображение успешно загружено: 4000x2752, 3 каналов
2025-02-26 00:30:18,048 - opencv_filters - INFO - Загрузка изображения: C:/Users/User/Desktop/OPENCV/nope.jpg
2025-02-26 00:30:18,055 - opencv_filters - DEBUG - Превью обновлено успешно
2025-02-26 00:30:18,055 - opencv_filters - INFO - Изображение успешно загружено: 829x822, 3 каналов
2025-02-26 00:31:42,116 - opencv_filters - INFO - Применение фильтра: SIFT
2025-02-26 00:31:42,286 - opencv_filters - DEBUG - Превью обновлено успешно
2025-02-26 00:31:50,014 - opencv_filters - DEBUG - Превью обновлено успешно
2025-02-26 00:31:50,607 - opencv_filters - INFO - Применение фильтра: SURF
2025-02-26 00:31:50,615 - opencv_filters - DEBUG - Превью обновлено успешно
2025-02-26 00:31:53,389 - opencv_filters - DEBUG - Превью обновлено успешно
2025-02-26 00:31:56,115 - opencv_filters - INFO - Применение фильтра: ORB
2025-02-26 00:31:56,122 - opencv_filters - DEBUG - Превью обновлено успешно
2025-02-26 00:31:57,591 - opencv_filters - DEBUG - Превью обновлено успешно
2025-02-26 00:32:02,916 - opencv_filters - INFO - Применение фильтра: Лицо Haar
2025-02-26 00:32:02,918 - opencv_filters - DEBUG - Превью обновлено успешно
2025-02-26 00:32:29,949 - opencv_filters - DEBUG - Превью обновлено успешно
2025-02-26 00:32:34,159 - opencv_filters - INFO - Применение фильтра: Линии Хафа
2025-02-26 00:32:34,171 - opencv_filters - DEBUG - Превью обновлено успешно
2025-02-26 00:33:06,240 - opencv_filters - DEBUG - Превью обновлено успешно
2025-02-26 00:33:19,179 - opencv_filters - INFO - Применение фильтра: Окружности Хафа
2025-02-26 00:33:19,219 - opencv_filters - DEBUG - Превью обновлено успешно
2025-02-26 00:34:06,983 - opencv_filters - INFO - Применение фильтра: Окружности Хафа
2025-02-26 00:34:07,023 - opencv_filters - INFO - Применение фильтра: Эрозия
2025-02-26 00:34:07,027 - opencv_filters - DEBUG - Превью обновлено успешно
2025-02-26 00:34:11,767 - opencv_filters - INFO - Применение фильтра: Эрозия
2025-02-26 00:34:11,770 - opencv_filters - DEBUG - Превью обновлено успешно
2025-02-26 00:34:12,600 - opencv_filters - INFO - Применение фильтра: Окружности Хафа
2025-02-26 00:34:12,643 - opencv_filters - INFO - Применение фильтра: Эрозия
2025-02-26 00:34:12,646 - opencv_filters - DEBUG - Превью обновлено успешно
2025-02-26 00:34:13,590 - opencv_filters - INFO - Применение фильтра: Окружности Хафа
2025-02-26 00:34:13,632 - opencv_filters - DEBUG - Превью обновлено успешно
2025-02-26 00:34:14,163 - opencv_filters - INFO - Применение фильтра: Окружности Хафа
2025-02-26 00:34:14,202 - opencv_filters - INFO - Применение фильтра: Эрозия
2025-02-26 00:34:14,204 - opencv_filters - DEBUG - Превью обновлено успешно
2025-02-26 00:34:14,686 - opencv_filters - INFO - Применение фильтра: Окружности Хафа
2025-02-26 00:34:14,727 - opencv_filters - DEBUG - Превью обновлено успешно
2025-02-26 00:34:15,093 - opencv_filters - INFO - Применение фильтра: Окружности Хафа
2025-02-26 00:34:15,132 - opencv_filters - INFO - Применение фильтра: Эрозия
2025-02-26 00:34:15,135 - opencv_filters - DEBUG - Превью обновлено успешно
2025-02-26 00:34:15,650 - opencv_filters - INFO - Применение фильтра: Окружности Хафа
2025-02-26 00:34:15,690 - opencv_filters - DEBUG - Превью обновлено успешно
2025-02-26 00:34:16,019 - opencv_filters - INFO - Применение фильтра: Окружности Хафа
2025-02-26 00:34:16,056 - opencv_filters - INFO - Применение фильтра: Эрозия
2025-02-26 00:34:16,059 - opencv_filters - DEBUG - Превью обновлено успешно
2025-02-26 00:34:22,221 - opencv_filters - INFO - Применение фильтра: Окружности Хафа
2025-02-26 00:34:22,262 - opencv_filters - INFO - Применение фильтра: Эрозия
2025-02-26 00:34:22,263 - opencv_filters - INFO - Применение фильтра: Градиент
2025-02-26 00:34:22,267 - opencv_filters - DEBUG - Превью обновлено успешно
2025-02-26 00:34:24,585 - opencv_filters - INFO - Применение фильтра: Окружности Хафа
2025-02-26 00:34:24,623 - opencv_filters - INFO - Применение фильтра: Эрозия
2025-02-26 00:34:24,625 - opencv_filters - INFO - Применение фильтра: Градиент
2025-02-26 00:34:24,628 - opencv_filters - DEBUG - Превью обновлено успешно
2025-02-26 00:34:24,894 - opencv_filters - INFO - Применение фильтра: Окружности Хафа
2025-02-26 00:34:24,935 - opencv_filters - INFO - Применение фильтра: Эрозия
2025-02-26 00:34:24,936 - opencv_filters - INFO - Применение фильтра: Градиент
2025-02-26 00:34:24,938 - opencv_filters - DEBUG - Превью обновлено успешно
2025-02-26 00:34:25,069 - opencv_filters - INFO - Применение фильтра: Окружности Хафа
2025-02-26 00:34:25,107 - opencv_filters - INFO - Применение фильтра: Эрозия
2025-02-26 00:34:25,108 - opencv_filters - INFO - Применение фильтра: Градиент
2025-02-26 00:34:25,112 - opencv_filters - DEBUG - Превью обновлено успешно
2025-02-26 00:34:25,215 - opencv_filters - INFO - Применение фильтра: Окружности Хафа
2025-02-26 00:34:25,250 - opencv_filters - INFO - Применение фильтра: Эрозия
2025-02-26 00:34:25,251 - opencv_filters - INFO - Применение фильтра: Градиент
2025-02-26 00:34:25,255 - opencv_filters - DEBUG - Превью обновлено успешно
2025-02-26 00:34:25,371 - opencv_filters - INFO - Применение фильтра: Окружности Хафа
2025-02-26 00:34:25,407 - opencv_filters - INFO - Применение фильтра: Эрозия
2025-02-26 00:34:25,408 - opencv_filters - INFO - Применение фильтра: Градиент
2025-02-26 00:34:25,412 - opencv_filters - DEBUG - Превью обновлено успешно
2025-02-26 00:34:25,521 - opencv_filters - INFO - Применение фильтра: Окружности Хафа
2025-02-26 00:34:25,561 - opencv_filters - INFO - Применение фильтра: Эрозия
2025-02-26 00:34:25,562 - opencv_filters - INFO - Применение фильтра: Градиент
2025-02-26 00:34:25,566 - opencv_filters - DEBUG - Превью обновлено успешно
2025-02-26 00:34:25,680 - opencv_filters - INFO - Применение фильтра: Окружности Хафа
2025-02-26 00:34:25,719 - opencv_filters - INFO - Применение фильтра: Эрозия
2025-02-26 00:34:25,720 - opencv_filters - INFO - Применение фильтра: Градиент
2025-02-26 00:34:25,724 - opencv_filters - DEBUG - Превью обновлено успешно
2025-02-26 00:34:25,838 - opencv_filters - INFO - Применение фильтра: Окружности Хафа
2025-02-26 00:34:25,875 - opencv_filters - INFO - Применение фильтра: Эрозия
2025-02-26 00:34:25,876 - opencv_filters - INFO - Применение фильтра: Градиент
2025-02-26 00:34:25,881 - opencv_filters - DEBUG - Превью обновлено успешно
2025-02-26 00:34:26,858 - opencv_filters - INFO - Применение фильтра: Окружности Хафа
2025-02-26 00:34:26,894 - opencv_filters - INFO - Применение фильтра: Эрозия
2025-02-26 00:34:26,895 - opencv_filters - INFO - Применение фильтра: Градиент
2025-02-26 00:34:26,899 - opencv_filters - DEBUG - Превью обновлено успешно
2025-02-26 00:34:27,047 - opencv_filters - INFO - Применение фильтра: Окружности Хафа
2025-02-26 00:34:27,085 - opencv_filters - INFO - Применение фильтра: Эрозия
2025-02-26 00:34:27,086 - opencv_filters - INFO - Применение фильтра: Градиент
2025-02-26 00:34:27,090 - opencv_filters - DEBUG - Превью обновлено успешно
2025-02-26 00:34:27,205 - opencv_filters - INFO - Применение фильтра: Окружности Хафа
2025-02-26 00:34:27,245 - opencv_filters - INFO - Применение фильтра: Эрозия
2025-02-26 00:34:27,246 - opencv_filters - INFO - Применение фильтра: Градиент
2025-02-26 00:34:27,249 - opencv_filters - DEBUG - Превью обновлено успешно
2025-02-26 00:34:27,355 - opencv_filters - INFO - Применение фильтра: Окружности Хафа
2025-02-26 00:34:27,386 - opencv_filters - INFO - Применение фильтра: Эрозия
2025-02-26 00:34:27,388 - opencv_filters - INFO - Применение фильтра: Градиент
2025-02-26 00:34:27,392 - opencv_filters - DEBUG - Превью обновлено успешно
2025-02-26 00:34:27,508 - opencv_filters - INFO - Применение фильтра: Окружности Хафа
2025-02-26 00:34:27,545 - opencv_filters - INFO - Применение фильтра: Эрозия
2025-02-26 00:34:27,546 - opencv_filters - INFO - Применение фильтра: Градиент
2025-02-26 00:34:27,549 - opencv_filters - DEBUG - Превью обновлено успешно
2025-02-26 00:34:27,661 - opencv_filters - INFO - Применение фильтра: Окружности Хафа
2025-02-26 00:34:27,702 - opencv_filters - INFO - Применение фильтра: Эрозия
2025-02-26 00:34:27,703 - opencv_filters - INFO - Применение фильтра: Градиент
2025-02-26 00:34:27,706 - opencv_filters - DEBUG - Превью обновлено успешно
2025-02-26 00:34:27,814 - opencv_filters - INFO - Применение фильтра: Окружности Хафа
2025-02-26 00:34:27,854 - opencv_filters - INFO - Применение фильтра: Эрозия
2025-02-26 00:34:27,855 - opencv_filters - INFO - Применение фильтра: Градиент
2025-02-26 00:34:27,858 - opencv_filters - DEBUG - Превью обновлено успешно
2025-02-26 00:34:27,962 - opencv_filters - INFO - Применение фильтра: Окружности Хафа
2025-02-26 00:34:27,997 - opencv_filters - INFO - Применение фильтра: Эрозия
2025-02-26 00:34:27,998 - opencv_filters - INFO - Применение фильтра: Градиент
2025-02-26 00:34:28,001 - opencv_filters - DEBUG - Превью обновлено успешно
2025-02-26 00:34:28,117 - opencv_filters - INFO - Применение фильтра: Окружности Хафа
2025-02-26 00:34:28,153 - opencv_filters - INFO - Применение фильтра: Эрозия
2025-02-26 00:34:28,155 - opencv_filters - INFO - Применение фильтра: Градиент
2025-02-26 00:34:28,158 - opencv_filters - DEBUG - Превью обновлено успешно
2025-02-26 00:34:28,272 - opencv_filters - INFO - Применение фильтра: Окружности Хафа
2025-02-26 00:34:28,311 - opencv_filters - INFO - Применение фильтра: Эрозия
2025-02-26 00:34:28,312 - opencv_filters - INFO - Применение фильтра: Градиент
2025-02-26 00:34:28,314 - opencv_filters - DEBUG - Превью обновлено успешно
2025-02-26 00:34:28,966 - opencv_filters - INFO - Применение фильтра: Окружности Хафа
2025-02-26 00:34:28,999 - opencv_filters - INFO - Применение фильтра: Эрозия
2025-02-26 00:34:29,000 - opencv_filters - INFO - Применение фильтра: Градиент
2025-02-26 00:34:29,004 - opencv_filters - DEBUG - Превью обновлено успешно
2025-02-26 00:34:29,337 - opencv_filters - INFO - Применение фильтра: Окружности Хафа
2025-02-26 00:34:29,379 - opencv_filters - INFO - Применение фильтра: Эрозия
2025-02-26 00:34:29,380 - opencv_filters - INFO - Применение фильтра: Градиент
2025-02-26 00:34:29,383 - opencv_filters - DEBUG - Превью обновлено успешно
2025-02-26 00:34:30,793 - opencv_filters - INFO - Применение фильтра: Окружности Хафа
2025-02-26 00:34:30,834 - opencv_filters - INFO - Применение фильтра: Градиент
2025-02-26 00:34:30,838 - opencv_filters - DEBUG - Превью обновлено успешно
2025-02-26 00:34:32,361 - opencv_filters - INFO - Применение фильтра: Градиент
2025-02-26 00:34:32,364 - opencv_filters - DEBUG - Превью обновлено успешно
2025-02-26 00:35:18,260 - opencv_filters - INFO - Применение фильтра: Градиент
2025-02-26 00:35:18,262 - opencv_filters - INFO - Применение фильтра: Градиент
2025-02-26 00:35:18,265 - opencv_filters - DEBUG - Превью обновлено успешно
2025-02-26 00:35:29,821 - opencv_filters - INFO - Применение фильтра: Градиент
2025-02-26 00:35:29,824 - opencv_filters - INFO - Применение фильтра: Градиент
2025-02-26 00:35:29,828 - opencv_filters - DEBUG - Превью обновлено успешно
2025-02-26 00:35:29,879 - opencv_filters - INFO - Применение фильтра: Градиент
2025-02-26 00:35:29,881 - opencv_filters - INFO - Применение фильтра: Градиент
2025-02-26 00:35:29,884 - opencv_filters - DEBUG - Превью обновлено успешно
2025-02-26 00:35:29,941 - opencv_filters - INFO - Применение фильтра: Градиент
2025-02-26 00:35:29,943 - opencv_filters - INFO - Применение фильтра: Градиент
2025-02-26 00:35:29,947 - opencv_filters - DEBUG - Превью обновлено успешно
2025-02-26 00:37:38,260 - opencv_filters - INFO - Приложение завершило работу с кодом: 0
